Log file open, 01/07/20 11:20:41
LogWindows: Failed to load 'aqProf.dll' (GetLastError=126)
LogWindows: File 'aqProf.dll' does not exist
LogWindows: Failed to load 'VtuneApi.dll' (GetLastError=126)
LogWindows: File 'VtuneApi.dll' does not exist
LogWindows: Failed to load 'VtuneApi32e.dll' (GetLastError=126)
LogWindows: File 'VtuneApi32e.dll' does not exist
LogConsoleResponse: Display: Failed to find resolution value strings in scalability ini. Falling back to default.
LogInit: Display: Running engine for game: TPPlatformer
LogPlatformFile: Not using cached read wrapper
LogTaskGraph: Started task graph with 5 named threads and 35 total threads with 3 sets of task threads.
LogStats: Stats thread started at 0.233120
LogD3D11RHI: Loaded GFSDK_Aftermath_Lib.x64.dll
LogICUInternationalization: ICU TimeZone Detection - Raw Offset: -8:00, Platform Override: ''
LogPluginManager: Mounting plugin Paper2D
LogPluginManager: Mounting plugin AISupport
LogPluginManager: Mounting plugin LightPropagationVolume
LogPluginManager: Mounting plugin ActorLayerUtilities
LogPluginManager: Mounting plugin AnimationSharing
LogPluginManager: Mounting plugin CLionSourceCodeAccess
LogPluginManager: Mounting plugin CodeLiteSourceCodeAccess
LogPluginManager: Mounting plugin GitSourceControl
LogPluginManager: Mounting plugin KDevelopSourceCodeAccess
LogPluginManager: Mounting plugin NullSourceCodeAccess
LogPluginManager: Mounting plugin PerforceSourceControl
LogPluginManager: Mounting plugin SubversionSourceControl
LogPluginManager: Mounting plugin UObjectPlugin
LogPluginManager: Mounting plugin VisualStudioCodeSourceCodeAccess
LogPluginManager: Mounting plugin VisualStudioSourceCodeAccess
LogPluginManager: Mounting plugin XCodeSourceCodeAccess
LogPluginManager: Mounting plugin AssetManagerEditor
LogPluginManager: Mounting plugin CryptoKeys
LogPluginManager: Mounting plugin CurveEditorTools
LogPluginManager: Mounting plugin DataValidation
LogPluginManager: Mounting plugin FacialAnimation
LogPluginManager: Mounting plugin GameplayTagsEditor
LogPluginManager: Mounting plugin MacGraphicsSwitching
LogPluginManager: Mounting plugin MaterialAnalyzer
LogPluginManager: Mounting plugin MobileLauncherProfileWizard
LogPluginManager: Mounting plugin PluginBrowser
LogPluginManager: Mounting plugin SpeedTreeImporter
LogPluginManager: Mounting plugin DatasmithContent
LogPluginManager: Mounting plugin VariantManagerContent
LogPluginManager: Mounting plugin AlembicImporter
LogPluginManager: Mounting plugin AutomationUtils
LogPluginManager: Mounting plugin BackChannel
LogPluginManager: Mounting plugin CharacterAI
LogPluginManager: Mounting plugin GeometryCache
LogPluginManager: Mounting plugin HTML5Networking
LogPluginManager: Mounting plugin PlatformCrypto
LogPluginManager: Mounting plugin ProxyLODPlugin
LogPluginManager: Mounting plugin SkeletalReduction
LogPluginManager: Mounting plugin MagicLeap
LogPluginManager: Mounting plugin MagicLeapMedia
LogPluginManager: Mounting plugin AndroidMedia
LogPluginManager: Mounting plugin AvfMedia
LogPluginManager: Mounting plugin ImgMedia
LogPluginManager: Mounting plugin MediaCompositing
LogPluginManager: Mounting plugin MediaPlayerEditor
LogPluginManager: Mounting plugin WebMMedia
LogPluginManager: Mounting plugin WmfMedia
LogPluginManager: Mounting plugin TcpMessaging
LogPluginManager: Mounting plugin UdpMessaging
LogPluginManager: Mounting plugin ActorSequence
LogPluginManager: Mounting plugin LevelSequenceEditor
LogPluginManager: Mounting plugin MatineeToLevelSequence
LogPluginManager: Mounting plugin NetcodeUnitTest
LogPluginManager: Mounting plugin NUTUnrealEngine4
LogPluginManager: Mounting plugin OnlineSubsystemGooglePlay
LogPluginManager: Mounting plugin OnlineSubsystemIOS
LogPluginManager: Mounting plugin OnlineSubsystem
LogPluginManager: Mounting plugin OnlineSubsystemNull
LogPluginManager: Mounting plugin OnlineSubsystemUtils
LogPluginManager: Mounting plugin LauncherChunkInstaller
LogPluginManager: Mounting plugin AndroidDeviceProfileSelector
LogPluginManager: Mounting plugin AndroidMoviePlayer
LogPluginManager: Mounting plugin AndroidPermission
LogPluginManager: Mounting plugin AppleImageUtils
LogPluginManager: Mounting plugin AppleMoviePlayer
LogPluginManager: Mounting plugin ArchVisCharacter
LogPluginManager: Mounting plugin AudioCapture
LogPluginManager: Mounting plugin CableComponent
LogPluginManager: Mounting plugin CustomMeshComponent
LogPluginManager: Mounting plugin EditableMesh
LogPluginManager: Mounting plugin ExampleDeviceProfileSelector
LogPluginManager: Mounting plugin GoogleCloudMessaging
LogPluginManager: Mounting plugin IOSDeviceProfileSelector
LogPluginManager: Mounting plugin LinuxDeviceProfileSelector
LogPluginManager: Mounting plugin LocationServicesBPLibrary
LogPluginManager: Mounting plugin MobilePatchingUtils
LogPluginManager: Mounting plugin OculusVR
LogPluginManager: Mounting plugin PhysXVehicles
LogPluginManager: Mounting plugin ProceduralMeshComponent
LogPluginManager: Mounting plugin RuntimePhysXCooking
LogPluginManager: Mounting plugin SignificanceManager
LogPluginManager: Mounting plugin SteamVR
LogPluginManager: Mounting plugin WebMMoviePlayer
LogPluginManager: Mounting plugin WindowsMoviePlayer
LogPluginManager: Mounting plugin ScreenshotTools
LogInit: Using libcurl 7.55.1-DEV
LogInit:  - built for x86_64-pc-win32
LogInit:  - supports SSL with OpenSSL/1.1.1
LogInit:  - supports HTTP deflate (compression) using libz 1.2.8
LogInit:  - other features:
LogInit:      CURL_VERSION_SSL
LogInit:      CURL_VERSION_LIBZ
LogInit:      CURL_VERSION_IPV6
LogInit:      CURL_VERSION_ASYNCHDNS
LogInit:      CURL_VERSION_LARGEFILE
LogInit:      CURL_VERSION_IDN
LogInit:  CurlRequestOptions (configurable via config and command line):
LogInit:  - bVerifyPeer = true  - Libcurl will verify peer certificate
LogInit:  - bUseHttpProxy = false  - Libcurl will NOT use HTTP proxy
LogInit:  - bDontReuseConnections = false  - Libcurl will reuse connections
LogInit:  - MaxHostConnections = 16  - Libcurl will limit the number of connections to a host
LogInit:  - LocalHostAddr = Default
LogInit:  - BufferSize = 65536
LogOnline: OSS: Creating online subsystem instance for: NULL
LogInit: WinSock: version 1.1 (2.2), MaxSocks=32767, MaxUdp=65467
LogInit: Build: ++UE4+Release-4.23-CL-9631420
LogInit: Engine Version: 4.23.1-9631420+++UE4+Release-4.23
LogInit: Compatible Engine Version: 4.23.0-8386587+++UE4+Release-4.23
LogInit: Net CL: 8386587
LogInit: OS: Windows 10 (Release 1903) (), CPU: Intel(R) Core(TM) i7-8750H CPU @ 2.20GHz, GPU: Intel(R) UHD Graphics 630
LogInit: Compiled (64-bit): Oct 18 2019 02:07:44
LogInit: Compiled with Visual C++: 19.16.27030.01
LogInit: Build Configuration: Development
LogInit: Branch Name: ++UE4+Release-4.23
LogInit: Command Line:  -EpicPortal -epicusername="Technic Pyro" -epicuserid=33876b0a287345c4bd6e4964e8af07d8 -epiclocale=en-US
LogInit: Base Directory: C:/Program Files/Epic Games/UE_4.23/Engine/Binaries/Win64/
LogInit: Installed Engine Build: 1
LogDevObjectVersion: Number of dev versions registered: 23
LogDevObjectVersion:   Dev-Blueprints (B0D832E4-1F89-4F0D-ACCF-7EB736FD4AA2): 10
LogDevObjectVersion:   Dev-Build (E1C64328-A22C-4D53-A36C-8E866417BD8C): 0
LogDevObjectVersion:   Dev-Core (375EC13C-06E4-48FB-B500-84F0262A717E): 3
LogDevObjectVersion:   Dev-Editor (E4B068ED-F494-42E9-A231-DA0B2E46BB41): 34
LogDevObjectVersion:   Dev-Framework (CFFC743F-43B0-4480-9391-14DF171D2073): 35
LogDevObjectVersion:   Dev-Mobile (B02B49B5-BB20-44E9-A304-32B752E40360): 2
LogDevObjectVersion:   Dev-Networking (A4E4105C-59A1-49B5-A7C5-40C4547EDFEE): 0
LogDevObjectVersion:   Dev-Online (39C831C9-5AE6-47DC-9A44-9C173E1C8E7C): 0
LogDevObjectVersion:   Dev-Physics (78F01B33-EBEA-4F98-B9B4-84EACCB95AA2): 0
LogDevObjectVersion:   Dev-Platform (6631380F-2D4D-43E0-8009-CF276956A95A): 0
LogDevObjectVersion:   Dev-Rendering (12F88B9F-8875-4AFC-A67C-D90C383ABD29): 31
LogDevObjectVersion:   Dev-Sequencer (7B5AE74C-D270-4C10-A958-57980B212A5A): 11
LogDevObjectVersion:   Dev-VR (D7296918-1DD6-4BDD-9DE2-64A83CC13884): 2
LogDevObjectVersion:   Dev-LoadTimes (C2A15278-BFE7-4AFE-6C17-90FF531DF755): 1
LogDevObjectVersion:   Private-Geometry (6EACA3D4-40EC-4CC1-B786-8BED09428FC5): 3
LogDevObjectVersion:   Dev-AnimPhys (29E575DD-E0A3-4627-9D10-D276232CDCEA): 17
LogDevObjectVersion:   Dev-Anim (AF43A65D-7FD3-4947-9873-3E8ED9C1BB05): 2
LogDevObjectVersion:   Dev-ReflectionCapture (6B266CEC-1EC7-4B8F-A30B-E4D90942FC07): 1
LogDevObjectVersion:   Dev-Automation (0DF73D61-A23F-47EA-B727-89E90C41499A): 1
LogDevObjectVersion:   FortniteMain (601D1886-AC64-4F84-AA16-D3DE0DEAC7D6): 27
LogDevObjectVersion:   Dev-Enterprise (9DFFBCD6-494F-0158-E221-12823C92A888): 6
LogDevObjectVersion:   Dev-Niagara (F2AED0AC-9AFE-416F-8664-AA7FFA26D6FC): 1
LogDevObjectVersion:   Dev-Destruction (174F1F0B-B4C6-45A5-B13F-2EE8D0FB917D): 9
LogInit: Presizing for max 16777216 objects, including 0 objects not considered by GC, pre-allocating 0 bytes for permanent pool.
LogInit: Object subsystem initialized
LogConfig: Setting CVar [[con.DebugEarlyDefault:1]]
LogConfig: Setting CVar [[r.setres:1280x720]]
[2020.01.07-19.20.41:876][  0]LogConfig: Setting CVar [[r.VSync:0]]
[2020.01.07-19.20.41:876][  0]LogConfig: Setting CVar [[r.RHICmdBypass:0]]
[2020.01.07-19.20.41:876][  0]LogConfig: Applying CVar settings from Section [/Script/Engine.RendererSettings] File [C:/Users/Alex/Desktop/Unreal/TPPlatformer/Saved/Config/Windows/Engine.ini]
[2020.01.07-19.20.41:876][  0]LogConfig: Setting CVar [[r.GPUCrashDebugging:0]]
[2020.01.07-19.20.41:876][  0]LogConfig: Applying CVar settings from Section [/Script/Engine.RendererOverrideSettings] File [C:/Users/Alex/Desktop/Unreal/TPPlatformer/Saved/Config/Windows/Engine.ini]
[2020.01.07-19.20.41:876][  0]LogConfig: Applying CVar settings from Section [/Script/Engine.StreamingSettings] File [C:/Users/Alex/Desktop/Unreal/TPPlatformer/Saved/Config/Windows/Engine.ini]
[2020.01.07-19.20.41:876][  0]LogConfig: Setting CVar [[s.MinBulkDataSizeForAsyncLoading:131072]]
[2020.01.07-19.20.41:876][  0]LogConfig: Setting CVar [[s.AsyncLoadingThreadEnabled:0]]
[2020.01.07-19.20.41:876][  0]LogConfig: Setting CVar [[s.EventDrivenLoaderEnabled:1]]
[2020.01.07-19.20.41:876][  0]LogConfig: Setting CVar [[s.WarnIfTimeLimitExceeded:0]]
[2020.01.07-19.20.41:876][  0]LogConfig: Setting CVar [[s.TimeLimitExceededMultiplier:1.5]]
[2020.01.07-19.20.41:876][  0]LogConfig: Setting CVar [[s.TimeLimitExceededMinTime:0.005]]
[2020.01.07-19.20.41:876][  0]LogConfig: Setting CVar [[s.UseBackgroundLevelStreaming:1]]
[2020.01.07-19.20.41:876][  0]LogConfig: Setting CVar [[s.PriorityAsyncLoadingExtraTime:15.0]]
[2020.01.07-19.20.41:876][  0]LogConfig: Setting CVar [[s.LevelStreamingActorsUpdateTimeLimit:5.0]]
[2020.01.07-19.20.41:876][  0]LogConfig: Setting CVar [[s.PriorityLevelStreamingActorsUpdateExtraTime:5.0]]
[2020.01.07-19.20.41:876][  0]LogConfig: Setting CVar [[s.LevelStreamingComponentsRegistrationGranularity:10]]
[2020.01.07-19.20.41:877][  0]LogConfig: Setting CVar [[s.UnregisterComponentsTimeLimit:1.0]]
[2020.01.07-19.20.41:877][  0]LogConfig: Setting CVar [[s.LevelStreamingComponentsUnregistrationGranularity:5]]
[2020.01.07-19.20.41:877][  0]LogConfig: Applying CVar settings from Section [/Script/Engine.GarbageCollectionSettings] File [C:/Users/Alex/Desktop/Unreal/TPPlatformer/Saved/Config/Windows/Engine.ini]
[2020.01.07-19.20.41:877][  0]LogConfig: Setting CVar [[gc.MaxObjectsNotConsideredByGC:1]]
[2020.01.07-19.20.41:877][  0]LogConfig: Setting CVar [[gc.SizeOfPermanentObjectPool:0]]
[2020.01.07-19.20.41:877][  0]LogConfig: Setting CVar [[gc.FlushStreamingOnGC:0]]
[2020.01.07-19.20.41:877][  0]LogConfig: Setting CVar [[gc.NumRetriesBeforeForcingGC:10]]
[2020.01.07-19.20.41:877][  0]LogConfig: Setting CVar [[gc.AllowParallelGC:1]]
[2020.01.07-19.20.41:877][  0]LogConfig: Setting CVar [[gc.TimeBetweenPurgingPendingKillObjects:61.1]]
[2020.01.07-19.20.41:877][  0]LogConfig: Setting CVar [[gc.MaxObjectsInEditor:16777216]]
[2020.01.07-19.20.41:877][  0]LogConfig: Setting CVar [[gc.IncrementalBeginDestroyEnabled:1]]
[2020.01.07-19.20.41:877][  0]LogConfig: Setting CVar [[gc.CreateGCClusters:1]]
[2020.01.07-19.20.41:877][  0]LogConfig: Setting CVar [[gc.MinGCClusterSize:5]]
[2020.01.07-19.20.41:877][  0]LogConfig: Setting CVar [[gc.ActorClusteringEnabled:0]]
[2020.01.07-19.20.41:877][  0]LogConfig: Setting CVar [[gc.BlueprintClusteringEnabled:0]]
[2020.01.07-19.20.41:877][  0]LogConfig: Setting CVar [[gc.UseDisregardForGCOnDedicatedServers:0]]
[2020.01.07-19.20.41:877][  0]LogConfig: Applying CVar settings from Section [/Script/Engine.NetworkSettings] File [C:/Users/Alex/Desktop/Unreal/TPPlatformer/Saved/Config/Windows/Engine.ini]
[2020.01.07-19.20.41:877][  0]LogConfig: Applying CVar settings from Section [/Script/UnrealEd.CookerSettings] File [C:/Users/Alex/Desktop/Unreal/TPPlatformer/Saved/Config/Windows/Engine.ini]
[2020.01.07-19.20.41:883][  0]LogConfig: Applying CVar settings from Section [ViewDistanceQuality@3] File [C:/Users/Alex/Desktop/Unreal/TPPlatformer/Saved/Config/Windows/Scalability.ini]
[2020.01.07-19.20.41:883][  0]LogConfig: Setting CVar [[r.SkeletalMeshLODBias:0]]
[2020.01.07-19.20.41:883][  0]LogConfig: Setting CVar [[r.ViewDistanceScale:1.0]]
[2020.01.07-19.20.41:883][  0]LogConfig: Applying CVar settings from Section [AntiAliasingQuality@3] File [C:/Users/Alex/Desktop/Unreal/TPPlatformer/Saved/Config/Windows/Scalability.ini]
[2020.01.07-19.20.41:883][  0]LogConfig: Setting CVar [[r.PostProcessAAQuality:4]]
[2020.01.07-19.20.41:883][  0]LogConfig: Applying CVar settings from Section [ShadowQuality@3] File [C:/Users/Alex/Desktop/Unreal/TPPlatformer/Saved/Config/Windows/Scalability.ini]
[2020.01.07-19.20.41:883][  0]LogConfig: Setting CVar [[r.LightFunctionQuality:1]]
[2020.01.07-19.20.41:883][  0]LogConfig: Setting CVar [[r.ShadowQuality:5]]
[2020.01.07-19.20.41:883][  0]LogConfig: Setting CVar [[r.Shadow.CSM.MaxCascades:10]]
[2020.01.07-19.20.41:883][  0]LogConfig: Setting CVar [[r.Shadow.MaxResolution:2048]]
[2020.01.07-19.20.41:883][  0]LogConfig: Setting CVar [[r.Shadow.MaxCSMResolution:2048]]
[2020.01.07-19.20.41:883][  0]LogConfig: Setting CVar [[r.Shadow.RadiusThreshold:0.01]]
[2020.01.07-19.20.41:883][  0]LogConfig: Setting CVar [[r.Shadow.DistanceScale:1.0]]
[2020.01.07-19.20.41:883][  0]LogConfig: Setting CVar [[r.Shadow.CSM.TransitionScale:1.0]]
[2020.01.07-19.20.41:883][  0]LogConfig: Setting CVar [[r.Shadow.PreShadowResolutionFactor:1.0]]
[2020.01.07-19.20.41:884][  0]LogConfig: Setting CVar [[r.DistanceFieldShadowing:1]]
[2020.01.07-19.20.41:884][  0]LogConfig: Setting CVar [[r.DistanceFieldAO:1]]
[2020.01.07-19.20.41:884][  0]LogConfig: Setting CVar [[r.AOQuality:2]]
[2020.01.07-19.20.41:884][  0]LogConfig: Setting CVar [[r.VolumetricFog:1]]
[2020.01.07-19.20.41:884][  0]LogConfig: Setting CVar [[r.VolumetricFog.GridPixelSize:8]]
[2020.01.07-19.20.41:884][  0]LogConfig: Setting CVar [[r.VolumetricFog.GridSizeZ:128]]
[2020.01.07-19.20.41:884][  0]LogConfig: Setting CVar [[r.VolumetricFog.HistoryMissSupersampleCount:4]]
[2020.01.07-19.20.41:884][  0]LogConfig: Setting CVar [[r.LightMaxDrawDistanceScale:1]]
[2020.01.07-19.20.41:884][  0]LogConfig: Setting CVar [[r.CapsuleShadows:1]]
[2020.01.07-19.20.41:884][  0]LogConfig: Applying CVar settings from Section [PostProcessQuality@3] File [C:/Users/Alex/Desktop/Unreal/TPPlatformer/Saved/Config/Windows/Scalability.ini]
[2020.01.07-19.20.41:884][  0]LogConfig: Setting CVar [[r.MotionBlurQuality:4]]
[2020.01.07-19.20.41:884][  0]LogConfig: Setting CVar [[r.AmbientOcclusionMipLevelFactor:0.4]]
[2020.01.07-19.20.41:884][  0]LogConfig: Setting CVar [[r.AmbientOcclusionMaxQuality:100]]
[2020.01.07-19.20.41:884][  0]LogConfig: Setting CVar [[r.AmbientOcclusionLevels:-1]]
[2020.01.07-19.20.41:884][  0]LogConfig: Setting CVar [[r.AmbientOcclusionRadiusScale:1.0]]
[2020.01.07-19.20.41:884][  0]LogConfig: Setting CVar [[r.DepthOfFieldQuality:2]]
[2020.01.07-19.20.41:884][  0]LogConfig: Setting CVar [[r.RenderTargetPoolMin:400]]
[2020.01.07-19.20.41:884][  0]LogConfig: Setting CVar [[r.LensFlareQuality:2]]
[2020.01.07-19.20.41:884][  0]LogConfig: Setting CVar [[r.SceneColorFringeQuality:1]]
[2020.01.07-19.20.41:884][  0]LogConfig: Setting CVar [[r.EyeAdaptationQuality:2]]
[2020.01.07-19.20.41:884][  0]LogConfig: Setting CVar [[r.BloomQuality:5]]
[2020.01.07-19.20.41:884][  0]LogConfig: Setting CVar [[r.FastBlurThreshold:100]]
[2020.01.07-19.20.41:884][  0]LogConfig: Setting CVar [[r.Upscale.Quality:3]]
[2020.01.07-19.20.41:884][  0]LogConfig: Setting CVar [[r.Tonemapper.GrainQuantization:1]]
[2020.01.07-19.20.41:884][  0]LogConfig: Setting CVar [[r.LightShaftQuality:1]]
[2020.01.07-19.20.41:885][  0]LogConfig: Setting CVar [[r.Filter.SizeScale:1]]
[2020.01.07-19.20.41:885][  0]LogConfig: Setting CVar [[r.Tonemapper.Quality:5]]
[2020.01.07-19.20.41:885][  0]LogConfig: Setting CVar [[r.DOF.Gather.AccumulatorQuality:1        ; higher gathering accumulator quality]]
[2020.01.07-19.20.41:885][  0]LogConfig: Setting CVar [[r.DOF.Gather.PostfilterMethod:1          ; Median3x3 postfilering method]]
[2020.01.07-19.20.41:885][  0]LogConfig: Setting CVar [[r.DOF.Gather.EnableBokehSettings:0       ; no bokeh simulation when gathering]]
[2020.01.07-19.20.41:885][  0]LogConfig: Setting CVar [[r.DOF.Gather.RingCount:4                 ; medium number of samples when gathering]]
[2020.01.07-19.20.41:885][  0]LogConfig: Setting CVar [[r.DOF.Scatter.ForegroundCompositing:1    ; additive foreground scattering]]
[2020.01.07-19.20.41:885][  0]LogConfig: Setting CVar [[r.DOF.Scatter.BackgroundCompositing:2    ; additive background scattering]]
[2020.01.07-19.20.41:885][  0]LogConfig: Setting CVar [[r.DOF.Scatter.EnableBokehSettings:1      ; bokeh simulation when scattering]]
[2020.01.07-19.20.41:885][  0]LogConfig: Setting CVar [[r.DOF.Scatter.MaxSpriteRatio:0.1         ; only a maximum of 10% of scattered bokeh]]
[2020.01.07-19.20.41:885][  0]LogConfig: Setting CVar [[r.DOF.Recombine.Quality:1                ; cheap slight out of focus]]
[2020.01.07-19.20.41:885][  0]LogConfig: Setting CVar [[r.DOF.Recombine.EnableBokehSettings:0    ; no bokeh simulation on slight out of focus]]
[2020.01.07-19.20.41:885][  0]LogConfig: Setting CVar [[r.DOF.TemporalAAQuality:1                ; more stable temporal accumulation]]
[2020.01.07-19.20.41:885][  0]LogConfig: Setting CVar [[r.DOF.Kernel.MaxForegroundRadius:0.025]]
[2020.01.07-19.20.41:885][  0]LogConfig: Setting CVar [[r.DOF.Kernel.MaxBackgroundRadius:0.025]]
[2020.01.07-19.20.41:885][  0]LogConfig: Applying CVar settings from Section [TextureQuality@3] File [C:/Users/Alex/Desktop/Unreal/TPPlatformer/Saved/Config/Windows/Scalability.ini]
[2020.01.07-19.20.41:885][  0]LogConfig: Setting CVar [[r.Streaming.MipBias:0]]
[2020.01.07-19.20.41:885][  0]LogConfig: Setting CVar [[r.Streaming.AmortizeCPUToGPUCopy:0]]
[2020.01.07-19.20.41:885][  0]LogConfig: Setting CVar [[r.Streaming.MaxNumTexturesToStreamPerFrame:0]]
[2020.01.07-19.20.41:885][  0]LogConfig: Setting CVar [[r.Streaming.Boost:1]]
[2020.01.07-19.20.41:885][  0]LogConfig: Setting CVar [[r.MaxAnisotropy:8]]
[2020.01.07-19.20.41:885][  0]LogConfig: Setting CVar [[r.Streaming.LimitPoolSizeToVRAM:0]]
[2020.01.07-19.20.41:885][  0]LogConfig: Setting CVar [[r.Streaming.PoolSize:1000]]
[2020.01.07-19.20.41:885][  0]LogConfig: Setting CVar [[r.Streaming.MaxEffectiveScreenSize:0]]
[2020.01.07-19.20.41:885][  0]LogConfig: Applying CVar settings from Section [EffectsQuality@3] File [C:/Users/Alex/Desktop/Unreal/TPPlatformer/Saved/Config/Windows/Scalability.ini]
[2020.01.07-19.20.41:886][  0]LogConfig: Setting CVar [[r.TranslucencyLightingVolumeDim:64]]
[2020.01.07-19.20.41:886][  0]LogConfig: Setting CVar [[r.RefractionQuality:2]]
[2020.01.07-19.20.41:886][  0]LogConfig: Setting CVar [[r.SSR.Quality:3]]
[2020.01.07-19.20.41:886][  0]LogConfig: Setting CVar [[r.SceneColorFormat:4]]
[2020.01.07-19.20.41:886][  0]LogConfig: Setting CVar [[r.DetailMode:2]]
[2020.01.07-19.20.41:886][  0]LogConfig: Setting CVar [[r.TranslucencyVolumeBlur:1]]
[2020.01.07-19.20.41:886][  0]LogConfig: Setting CVar [[r.MaterialQualityLevel:1 ; High quality]]
[2020.01.07-19.20.41:886][  0]LogConfig: Setting CVar [[r.SSS.Scale:1]]
[2020.01.07-19.20.41:886][  0]LogConfig: Setting CVar [[r.SSS.SampleSet:2]]
[2020.01.07-19.20.41:886][  0]LogConfig: Setting CVar [[r.SSS.Quality:1]]
[2020.01.07-19.20.41:886][  0]LogConfig: Setting CVar [[r.SSS.HalfRes:1]]
[2020.01.07-19.20.41:886][  0]LogConfig: Setting CVar [[r.EmitterSpawnRateScale:1.0]]
[2020.01.07-19.20.41:886][  0]LogConfig: Setting CVar [[r.ParticleLightQuality:2]]
[2020.01.07-19.20.41:886][  0]LogConfig: Applying CVar settings from Section [FoliageQuality@3] File [C:/Users/Alex/Desktop/Unreal/TPPlatformer/Saved/Config/Windows/Scalability.ini]
[2020.01.07-19.20.41:886][  0]LogConfig: Setting CVar [[foliage.DensityScale:1.0]]
[2020.01.07-19.20.41:886][  0]LogConfig: Setting CVar [[grass.DensityScale:1.0]]
[2020.01.07-19.20.41:886][  0]LogInit: Selected Device Profile: [Windows]
[2020.01.07-19.20.41:886][  0]LogInit: Applying CVar settings loaded from the selected device profile: [Windows]
[2020.01.07-19.20.41:896][  0]LogHAL: Display: Platform has ~ 16 GB [17032613888 / 17179869184 / 16], which maps to Larger [LargestMinGB=32, LargerMinGB=12, DefaultMinGB=8, SmallerMinGB=6, SmallestMinGB=0)
[2020.01.07-19.20.41:896][  0]LogInit: Going up to parent DeviceProfile []
[2020.01.07-19.20.41:896][  0]LogConfig: Applying CVar settings from Section [ViewDistanceQuality@3] File [C:/Users/Alex/Desktop/Unreal/TPPlatformer/Saved/Config/Windows/Scalability.ini]
[2020.01.07-19.20.41:896][  0]LogConfig: Setting CVar [[r.SkeletalMeshLODBias:0]]
[2020.01.07-19.20.41:896][  0]LogConfig: Setting CVar [[r.ViewDistanceScale:1.0]]
[2020.01.07-19.20.41:896][  0]LogConfig: Applying CVar settings from Section [AntiAliasingQuality@3] File [C:/Users/Alex/Desktop/Unreal/TPPlatformer/Saved/Config/Windows/Scalability.ini]
[2020.01.07-19.20.41:896][  0]LogConfig: Setting CVar [[r.PostProcessAAQuality:4]]
[2020.01.07-19.20.41:896][  0]LogConfig: Applying CVar settings from Section [ShadowQuality@3] File [C:/Users/Alex/Desktop/Unreal/TPPlatformer/Saved/Config/Windows/Scalability.ini]
[2020.01.07-19.20.41:896][  0]LogConfig: Setting CVar [[r.LightFunctionQuality:1]]
[2020.01.07-19.20.41:896][  0]LogConfig: Setting CVar [[r.ShadowQuality:5]]
[2020.01.07-19.20.41:896][  0]LogConfig: Setting CVar [[r.Shadow.CSM.MaxCascades:10]]
[2020.01.07-19.20.41:896][  0]LogConfig: Setting CVar [[r.Shadow.MaxResolution:2048]]
[2020.01.07-19.20.41:896][  0]LogConfig: Setting CVar [[r.Shadow.MaxCSMResolution:2048]]
[2020.01.07-19.20.41:896][  0]LogConfig: Setting CVar [[r.Shadow.RadiusThreshold:0.01]]
[2020.01.07-19.20.41:896][  0]LogConfig: Setting CVar [[r.Shadow.DistanceScale:1.0]]
[2020.01.07-19.20.41:896][  0]LogConfig: Setting CVar [[r.Shadow.CSM.TransitionScale:1.0]]
[2020.01.07-19.20.41:896][  0]LogConfig: Setting CVar [[r.Shadow.PreShadowResolutionFactor:1.0]]
[2020.01.07-19.20.41:896][  0]LogConfig: Setting CVar [[r.DistanceFieldShadowing:1]]
[2020.01.07-19.20.41:897][  0]LogConfig: Setting CVar [[r.DistanceFieldAO:1]]
[2020.01.07-19.20.41:897][  0]LogConfig: Setting CVar [[r.AOQuality:2]]
[2020.01.07-19.20.41:897][  0]LogConfig: Setting CVar [[r.VolumetricFog:1]]
[2020.01.07-19.20.41:897][  0]LogConfig: Setting CVar [[r.VolumetricFog.GridPixelSize:8]]
[2020.01.07-19.20.41:897][  0]LogConfig: Setting CVar [[r.VolumetricFog.GridSizeZ:128]]
[2020.01.07-19.20.41:897][  0]LogConfig: Setting CVar [[r.VolumetricFog.HistoryMissSupersampleCount:4]]
[2020.01.07-19.20.41:897][  0]LogConfig: Setting CVar [[r.LightMaxDrawDistanceScale:1]]
[2020.01.07-19.20.41:897][  0]LogConfig: Setting CVar [[r.CapsuleShadows:1]]
[2020.01.07-19.20.41:897][  0]LogConfig: Applying CVar settings from Section [PostProcessQuality@3] File [C:/Users/Alex/Desktop/Unreal/TPPlatformer/Saved/Config/Windows/Scalability.ini]
[2020.01.07-19.20.41:897][  0]LogConfig: Setting CVar [[r.MotionBlurQuality:4]]
[2020.01.07-19.20.41:897][  0]LogConfig: Setting CVar [[r.AmbientOcclusionMipLevelFactor:0.4]]
[2020.01.07-19.20.41:897][  0]LogConfig: Setting CVar [[r.AmbientOcclusionMaxQuality:100]]
[2020.01.07-19.20.41:898][  0]LogConfig: Setting CVar [[r.AmbientOcclusionLevels:-1]]
[2020.01.07-19.20.41:898][  0]LogConfig: Setting CVar [[r.AmbientOcclusionRadiusScale:1.0]]
[2020.01.07-19.20.41:898][  0]LogConfig: Setting CVar [[r.DepthOfFieldQuality:2]]
[2020.01.07-19.20.41:898][  0]LogConfig: Setting CVar [[r.RenderTargetPoolMin:400]]
[2020.01.07-19.20.41:898][  0]LogConfig: Setting CVar [[r.LensFlareQuality:2]]
[2020.01.07-19.20.41:898][  0]LogConfig: Setting CVar [[r.SceneColorFringeQuality:1]]
[2020.01.07-19.20.41:898][  0]LogConfig: Setting CVar [[r.EyeAdaptationQuality:2]]
[2020.01.07-19.20.41:898][  0]LogConfig: Setting CVar [[r.BloomQuality:5]]
[2020.01.07-19.20.41:898][  0]LogConfig: Setting CVar [[r.FastBlurThreshold:100]]
[2020.01.07-19.20.41:898][  0]LogConfig: Setting CVar [[r.Upscale.Quality:3]]
[2020.01.07-19.20.41:898][  0]LogConfig: Setting CVar [[r.Tonemapper.GrainQuantization:1]]
[2020.01.07-19.20.41:898][  0]LogConfig: Setting CVar [[r.LightShaftQuality:1]]
[2020.01.07-19.20.41:898][  0]LogConfig: Setting CVar [[r.Filter.SizeScale:1]]
[2020.01.07-19.20.41:898][  0]LogConfig: Setting CVar [[r.Tonemapper.Quality:5]]
[2020.01.07-19.20.41:898][  0]LogConfig: Setting CVar [[r.DOF.Gather.AccumulatorQuality:1        ; higher gathering accumulator quality]]
[2020.01.07-19.20.41:898][  0]LogConfig: Setting CVar [[r.DOF.Gather.PostfilterMethod:1          ; Median3x3 postfilering method]]
[2020.01.07-19.20.41:898][  0]LogConfig: Setting CVar [[r.DOF.Gather.EnableBokehSettings:0       ; no bokeh simulation when gathering]]
[2020.01.07-19.20.41:898][  0]LogConfig: Setting CVar [[r.DOF.Gather.RingCount:4                 ; medium number of samples when gathering]]
[2020.01.07-19.20.41:898][  0]LogConfig: Setting CVar [[r.DOF.Scatter.ForegroundCompositing:1    ; additive foreground scattering]]
[2020.01.07-19.20.41:898][  0]LogConfig: Setting CVar [[r.DOF.Scatter.BackgroundCompositing:2    ; additive background scattering]]
[2020.01.07-19.20.41:898][  0]LogConfig: Setting CVar [[r.DOF.Scatter.EnableBokehSettings:1      ; bokeh simulation when scattering]]
[2020.01.07-19.20.41:898][  0]LogConfig: Setting CVar [[r.DOF.Scatter.MaxSpriteRatio:0.1         ; only a maximum of 10% of scattered bokeh]]
[2020.01.07-19.20.41:898][  0]LogConfig: Setting CVar [[r.DOF.Recombine.Quality:1                ; cheap slight out of focus]]
[2020.01.07-19.20.41:898][  0]LogConfig: Setting CVar [[r.DOF.Recombine.EnableBokehSettings:0    ; no bokeh simulation on slight out of focus]]
[2020.01.07-19.20.41:898][  0]LogConfig: Setting CVar [[r.DOF.TemporalAAQuality:1                ; more stable temporal accumulation]]
[2020.01.07-19.20.41:898][  0]LogConfig: Setting CVar [[r.DOF.Kernel.MaxForegroundRadius:0.025]]
[2020.01.07-19.20.41:898][  0]LogConfig: Setting CVar [[r.DOF.Kernel.MaxBackgroundRadius:0.025]]
[2020.01.07-19.20.41:898][  0]LogConfig: Applying CVar settings from Section [TextureQuality@3] File [C:/Users/Alex/Desktop/Unreal/TPPlatformer/Saved/Config/Windows/Scalability.ini]
[2020.01.07-19.20.41:898][  0]LogConfig: Setting CVar [[r.Streaming.MipBias:0]]
[2020.01.07-19.20.41:898][  0]LogConfig: Setting CVar [[r.Streaming.AmortizeCPUToGPUCopy:0]]
[2020.01.07-19.20.41:898][  0]LogConfig: Setting CVar [[r.Streaming.MaxNumTexturesToStreamPerFrame:0]]
[2020.01.07-19.20.41:898][  0]LogConfig: Setting CVar [[r.Streaming.Boost:1]]
[2020.01.07-19.20.41:898][  0]LogConfig: Setting CVar [[r.MaxAnisotropy:8]]
[2020.01.07-19.20.41:898][  0]LogConfig: Setting CVar [[r.Streaming.LimitPoolSizeToVRAM:0]]
[2020.01.07-19.20.41:898][  0]LogConfig: Setting CVar [[r.Streaming.PoolSize:1000]]
[2020.01.07-19.20.41:898][  0]LogConfig: Setting CVar [[r.Streaming.MaxEffectiveScreenSize:0]]
[2020.01.07-19.20.41:898][  0]LogConfig: Applying CVar settings from Section [EffectsQuality@3] File [C:/Users/Alex/Desktop/Unreal/TPPlatformer/Saved/Config/Windows/Scalability.ini]
[2020.01.07-19.20.41:898][  0]LogConfig: Setting CVar [[r.TranslucencyLightingVolumeDim:64]]
[2020.01.07-19.20.41:899][  0]LogConfig: Setting CVar [[r.RefractionQuality:2]]
[2020.01.07-19.20.41:899][  0]LogConfig: Setting CVar [[r.SSR.Quality:3]]
[2020.01.07-19.20.41:899][  0]LogConfig: Setting CVar [[r.SceneColorFormat:4]]
[2020.01.07-19.20.41:899][  0]LogConfig: Setting CVar [[r.DetailMode:2]]
[2020.01.07-19.20.41:899][  0]LogConfig: Setting CVar [[r.TranslucencyVolumeBlur:1]]
[2020.01.07-19.20.41:899][  0]LogConfig: Setting CVar [[r.MaterialQualityLevel:1 ; High quality]]
[2020.01.07-19.20.41:899][  0]LogConfig: Setting CVar [[r.SSS.Scale:1]]
[2020.01.07-19.20.41:899][  0]LogConfig: Setting CVar [[r.SSS.SampleSet:2]]
[2020.01.07-19.20.41:899][  0]LogConfig: Setting CVar [[r.SSS.Quality:1]]
[2020.01.07-19.20.41:899][  0]LogConfig: Setting CVar [[r.SSS.HalfRes:1]]
[2020.01.07-19.20.41:899][  0]LogConfig: Setting CVar [[r.EmitterSpawnRateScale:1.0]]
[2020.01.07-19.20.41:899][  0]LogConfig: Setting CVar [[r.ParticleLightQuality:2]]
[2020.01.07-19.20.41:899][  0]LogConfig: Applying CVar settings from Section [FoliageQuality@3] File [C:/Users/Alex/Desktop/Unreal/TPPlatformer/Saved/Config/Windows/Scalability.ini]
[2020.01.07-19.20.41:899][  0]LogConfig: Setting CVar [[foliage.DensityScale:1.0]]
[2020.01.07-19.20.41:899][  0]LogConfig: Setting CVar [[grass.DensityScale:1.0]]
[2020.01.07-19.20.41:899][  0]LogConfig: Applying CVar settings from Section [Startup] File [../../../Engine/Config/ConsoleVariables.ini]
[2020.01.07-19.20.41:900][  0]LogConfig: Setting CVar [[net.UseAdaptiveNetUpdateFrequency:0]]
[2020.01.07-19.20.41:900][  0]LogConfig: Setting CVar [[p.chaos.AllowCreatePhysxBodies:1]]
[2020.01.07-19.20.41:900][  0]LogConfig: Applying CVar settings from Section [ConsoleVariables] File [C:/Users/Alex/Desktop/Unreal/TPPlatformer/Saved/Config/Windows/Engine.ini]
[2020.01.07-19.20.41:900][  0]LogInit: Computer: DESKTOP-A68RBG3
[2020.01.07-19.20.41:900][  0]LogInit: User: Alex
[2020.01.07-19.20.41:900][  0]LogInit: CPU Page size=4096, Cores=6
[2020.01.07-19.20.41:900][  0]LogInit: High frequency timer resolution =10.000000 MHz
[2020.01.07-19.20.41:901][  0]LogMemory: Memory total: Physical=15.9GB (16GB approx)
[2020.01.07-19.20.41:901][  0]LogMemory: Platform Memory Stats for Windows
[2020.01.07-19.20.41:901][  0]LogMemory: Process Physical Memory: 100.72 MB used, 100.72 MB peak
[2020.01.07-19.20.41:901][  0]LogMemory: Process Virtual Memory: 89.60 MB used, 89.60 MB peak
[2020.01.07-19.20.41:901][  0]LogMemory: Physical Memory: 7880.93 MB used,  8362.64 MB free, 16243.57 MB total
[2020.01.07-19.20.41:901][  0]LogMemory: Virtual Memory: 4674.68 MB used,  134213056.00 MB free, 134217728.00 MB total
[2020.01.07-19.20.41:908][  0]LogWindows: WindowsPlatformFeatures enabled
[2020.01.07-19.20.42:023][  0]LogInit: Using OS detected language (en-US).
[2020.01.07-19.20.42:023][  0]LogInit: Using OS detected locale (en-US).
[2020.01.07-19.20.42:026][  0]LogTextLocalizationManager: No specific localization for 'en-US' exists, so the 'en' localization will be used.
[2020.01.07-19.20.42:500][  0]LogInit: Setting process to per monitor DPI aware
[2020.01.07-19.20.42:596][  0]LogSlate: New Slate User Created.  User Index 0, Is Virtual User: 0
[2020.01.07-19.20.42:596][  0]LogSlate: Slate User Registered.  User Index 0, Is Virtual User: 0
[2020.01.07-19.20.43:267][  0]LogHMD: Failed to initialize OpenVR with code 110
[2020.01.07-19.20.43:267][  0]LogD3D11RHI: D3D11 adapters:
[2020.01.07-19.20.43:442][  0]LogD3D11RHI:    0. 'NVIDIA GeForce GTX 1050 Ti' (Feature Level 11_0)
[2020.01.07-19.20.43:442][  0]LogD3D11RHI:       4018/0/8121 MB DedicatedVideo/DedicatedSystem/SharedSystem, Outputs:1, VendorId:0x10de
[2020.01.07-19.20.43:511][  0]LogD3D11RHI:    1. 'Intel(R) UHD Graphics 630' (Feature Level 11_0)
[2020.01.07-19.20.43:511][  0]LogD3D11RHI:       128/0/8121 MB DedicatedVideo/DedicatedSystem/SharedSystem, Outputs:0, VendorId:0x8086
[2020.01.07-19.20.43:520][  0]LogD3D11RHI:    2. 'Microsoft Basic Render Driver' (Feature Level 11_0)
[2020.01.07-19.20.43:521][  0]LogD3D11RHI:       0/0/8121 MB DedicatedVideo/DedicatedSystem/SharedSystem, Outputs:0, VendorId:0x1414
[2020.01.07-19.20.43:521][  0]LogD3D11RHI: Chosen D3D11 Adapter: 0
[2020.01.07-19.20.43:669][  0]LogD3D11RHI: Creating new Direct3DDevice
[2020.01.07-19.20.43:669][  0]LogD3D11RHI:     GPU DeviceId: 0x1c8c (for the marketing name, search the web for "GPU Device Id")
[2020.01.07-19.20.43:669][  0]LogWindows: EnumDisplayDevices:
[2020.01.07-19.20.43:669][  0]LogWindows:    0. 'Intel(R) UHD Graphics 630' (P:1 D:1)
[2020.01.07-19.20.43:670][  0]LogWindows:    1. 'Intel(R) UHD Graphics 630' (P:0 D:0)
[2020.01.07-19.20.43:672][  0]LogWindows:    2. 'Intel(R) UHD Graphics 630' (P:0 D:0)
[2020.01.07-19.20.43:672][  0]LogWindows:    3. 'NVIDIA GeForce GTX 1050 Ti' (P:0 D:0)
[2020.01.07-19.20.43:673][  0]LogWindows: DebugString: PrimaryIsNotTheChoosenAdapter PrimaryIsNotTheChoosenAdapter PrimaryIsNotTheChoosenAdapter 
[2020.01.07-19.20.43:673][  0]LogD3D11RHI:     Adapter Name: NVIDIA GeForce GTX 1050 Ti
[2020.01.07-19.20.43:673][  0]LogD3D11RHI:   Driver Version: 419.72 (internal:25.21.14.1972, unified:419.72)
[2020.01.07-19.20.43:673][  0]LogD3D11RHI:      Driver Date: 3-18-2019
[2020.01.07-19.20.43:673][  0]LogRHI: Texture pool is 2812 MB (70% of 4018 MB)
[2020.01.07-19.20.43:785][  0]LogD3D11RHI: Async texture creation enabled
[2020.01.07-19.20.43:807][  0]LogD3D11RHI: GPU Timing Frequency: 1000.000000 (Debug: 2 1)
[2020.01.07-19.20.44:735][  0]LogTemp: Display: Module 'AllDesktopTargetPlatform' loaded TargetPlatform 'AllDesktop'
[2020.01.07-19.20.44:758][  0]LogTemp: Display: Module 'MacClientTargetPlatform' loaded TargetPlatform 'MacClient'
[2020.01.07-19.20.44:782][  0]LogTemp: Display: Module 'MacNoEditorTargetPlatform' loaded TargetPlatform 'MacNoEditor'
[2020.01.07-19.20.44:806][  0]LogTemp: Display: Module 'MacServerTargetPlatform' loaded TargetPlatform 'MacServer'
[2020.01.07-19.20.44:830][  0]LogTemp: Display: Module 'MacTargetPlatform' loaded TargetPlatform 'Mac'
[2020.01.07-19.20.44:856][  0]LogTemp: Display: Module 'WindowsClientTargetPlatform' loaded TargetPlatform 'WindowsClient'
[2020.01.07-19.20.44:883][  0]LogTemp: Display: Module 'WindowsNoEditorTargetPlatform' loaded TargetPlatform 'WindowsNoEditor'
[2020.01.07-19.20.44:910][  0]LogTemp: Display: Module 'WindowsServerTargetPlatform' loaded TargetPlatform 'WindowsServer'
[2020.01.07-19.20.44:922][  0]LogTemp: Display: Module 'WindowsTargetPlatform' loaded TargetPlatform 'Windows'
[2020.01.07-19.20.45:012][  0]LogTemp: Display: Module 'AndroidTargetPlatform' loaded TargetPlatform 'Android'
[2020.01.07-19.20.45:012][  0]LogTemp: Display: Module 'AndroidTargetPlatform' loaded TargetPlatform 'Android_ASTC'
[2020.01.07-19.20.45:012][  0]LogTemp: Display: Module 'AndroidTargetPlatform' loaded TargetPlatform 'Android_ATC'
[2020.01.07-19.20.45:012][  0]LogTemp: Display: Module 'AndroidTargetPlatform' loaded TargetPlatform 'Android_DXT'
[2020.01.07-19.20.45:012][  0]LogTemp: Display: Module 'AndroidTargetPlatform' loaded TargetPlatform 'Android_ETC1'
[2020.01.07-19.20.45:012][  0]LogTemp: Display: Module 'AndroidTargetPlatform' loaded TargetPlatform 'Android_ETC1a'
[2020.01.07-19.20.45:012][  0]LogTemp: Display: Module 'AndroidTargetPlatform' loaded TargetPlatform 'Android_ETC2'
[2020.01.07-19.20.45:012][  0]LogTemp: Display: Module 'AndroidTargetPlatform' loaded TargetPlatform 'Android_PVRTC'
[2020.01.07-19.20.45:012][  0]LogTemp: Display: Module 'AndroidTargetPlatform' loaded TargetPlatform 'AndroidClient'
[2020.01.07-19.20.45:013][  0]LogTemp: Display: Module 'AndroidTargetPlatform' loaded TargetPlatform 'Android_ASTCClient'
[2020.01.07-19.20.45:013][  0]LogTemp: Display: Module 'AndroidTargetPlatform' loaded TargetPlatform 'Android_ATCClient'
[2020.01.07-19.20.45:013][  0]LogTemp: Display: Module 'AndroidTargetPlatform' loaded TargetPlatform 'Android_DXTClient'
[2020.01.07-19.20.45:013][  0]LogTemp: Display: Module 'AndroidTargetPlatform' loaded TargetPlatform 'Android_ETC1Client'
[2020.01.07-19.20.45:013][  0]LogTemp: Display: Module 'AndroidTargetPlatform' loaded TargetPlatform 'Android_ETC1aClient'
[2020.01.07-19.20.45:013][  0]LogTemp: Display: Module 'AndroidTargetPlatform' loaded TargetPlatform 'Android_ETC2Client'
[2020.01.07-19.20.45:013][  0]LogTemp: Display: Module 'AndroidTargetPlatform' loaded TargetPlatform 'Android_PVRTCClient'
[2020.01.07-19.20.45:013][  0]LogTemp: Display: Module 'AndroidTargetPlatform' loaded TargetPlatform 'Android_Multi'
[2020.01.07-19.20.45:013][  0]LogTemp: Display: Module 'AndroidTargetPlatform' loaded TargetPlatform 'Android_MultiClient'
[2020.01.07-19.20.45:019][  0]LogTemp: Display: Module 'HTML5TargetPlatform' loaded TargetPlatform 'HTML5'
[2020.01.07-19.20.45:069][  0]LogTemp: Display: Module 'IOSTargetPlatform' loaded TargetPlatform 'IOSClient'
[2020.01.07-19.20.45:069][  0]LogTemp: Display: Module 'IOSTargetPlatform' loaded TargetPlatform 'IOS'
[2020.01.07-19.20.45:110][  0]LogTemp: Display: Module 'TVOSTargetPlatform' loaded TargetPlatform 'TVOSClient'
[2020.01.07-19.20.45:111][  0]LogTemp: Display: Module 'TVOSTargetPlatform' loaded TargetPlatform 'TVOS'
[2020.01.07-19.20.45:132][  0]LogTemp: Display: Module 'LinuxClientTargetPlatform' loaded TargetPlatform 'LinuxClient'
[2020.01.07-19.20.45:155][  0]LogTemp: Display: Module 'LinuxNoEditorTargetPlatform' loaded TargetPlatform 'LinuxNoEditor'
[2020.01.07-19.20.45:176][  0]LogTemp: Display: Module 'LinuxServerTargetPlatform' loaded TargetPlatform 'LinuxServer'
[2020.01.07-19.20.45:198][  0]LogTemp: Display: Module 'LinuxTargetPlatform' loaded TargetPlatform 'Linux'
[2020.01.07-19.20.45:264][  0]LogTemp: Display: Module 'LuminTargetPlatform' loaded TargetPlatform 'Lumin'
[2020.01.07-19.20.45:264][  0]LogTemp: Display: Module 'LuminTargetPlatform' loaded TargetPlatform 'LuminClient'
[2020.01.07-19.20.45:264][  0]LogTargetPlatformManager: Display: Building Assets For Windows
[2020.01.07-19.20.45:287][  0]LogAudioDebug: Display: Lib vorbis DLL was dynamically loaded.
[2020.01.07-19.20.45:447][  0]LogShaderCompilers: Guid format shader working directory is -12 characters bigger than the processId version (../../../../../../Users/Alex/Desktop/Unreal/TPPlatformer/Intermediate/Shaders/WorkingDirectory/15580/).
[2020.01.07-19.20.45:447][  0]LogShaderCompilers: Cleaned the shader compiler working directory 'C:/Users/Alex/AppData/Local/Temp/UnrealShaderWorkingDir/0B1A735F4122C4C7B4994798031ADC65/'.
[2020.01.07-19.20.45:451][  0]LogXGEController: Cleaning working directory: C:/Users/Alex/AppData/Local/Temp/UnrealXGEWorkingDir/
[2020.01.07-19.20.45:452][  0]LogXGEController: Cannot use XGE Controller as Incredibuild is not installed on this machine.
[2020.01.07-19.20.45:452][  0]LogShaderCompilers: Cannot use XGE Shader Compiler as Incredibuild is not installed on this machine.
[2020.01.07-19.20.45:452][  0]LogShaderCompilers: Display: Using Local Shader Compiler.
[2020.01.07-19.20.47:096][  0]LogDerivedDataCache: Display: Max Cache Size: 512 MB
[2020.01.07-19.20.47:173][  0]LogDerivedDataCache: Loaded boot cache 0.08s 73MB C:/Users/Alex/AppData/Local/UnrealEngine/4.23/DerivedDataCache/Boot.ddc.
[2020.01.07-19.20.47:173][  0]LogDerivedDataCache: Display: Loaded Boot cache: C:/Users/Alex/AppData/Local/UnrealEngine/4.23/DerivedDataCache/Boot.ddc
[2020.01.07-19.20.47:173][  0]LogDerivedDataCache: FDerivedDataBackendGraph:  Pak pak cache file ../../../../../../Users/Alex/Desktop/Unreal/TPPlatformer/DerivedDataCache/DDC.ddp not found, will not use a pak cache.
[2020.01.07-19.20.47:173][  0]LogDerivedDataCache: Unable to find inner node Pak for hierarchical cache Hierarchy.
[2020.01.07-19.20.47:173][  0]LogDerivedDataCache: FDerivedDataBackendGraph:  CompressedPak pak cache file ../../../../../../Users/Alex/Desktop/Unreal/TPPlatformer/DerivedDataCache/Compressed.ddp not found, will not use a pak cache.
[2020.01.07-19.20.47:173][  0]LogDerivedDataCache: Unable to find inner node CompressedPak for hierarchical cache Hierarchy.
[2020.01.07-19.20.47:190][  0]LogDerivedDataCache: Display: Pak cache opened for reading ../../../Engine/DerivedDataCache/Compressed.ddp.
[2020.01.07-19.20.47:190][  0]LogDerivedDataCache: FDerivedDataBackendGraph:  EnterprisePak pak cache file ../../../Enterprise/DerivedDataCache/Compressed.ddp not found, will not use a pak cache.
[2020.01.07-19.20.47:190][  0]LogDerivedDataCache: Unable to find inner node EnterprisePak for hierarchical cache Hierarchy.
[2020.01.07-19.20.47:192][  0]LogDerivedDataCache: Using Local data cache path C:/Users/Alex/AppData/Local/UnrealEngine/Common/DerivedDataCache: Writable
[2020.01.07-19.20.47:192][  0]LogDerivedDataCache: Shared data cache path not found in *engine.ini, will not use an Shared cache.
[2020.01.07-19.20.47:192][  0]LogDerivedDataCache: Unable to find inner node Shared for hierarchical cache Hierarchy.
[2020.01.07-19.20.47:241][  0]LogMaterial: Verifying Global Shaders for PCD3D_SM5
[2020.01.07-19.20.47:247][  0]LogSlate: Using FreeType 2.6.0
[2020.01.07-19.20.47:248][  0]LogSlate: SlateFontServices - WITH_FREETYPE: 1, WITH_HARFBUZZ: 1
[2020.01.07-19.20.47:399][  0]LogAssetRegistry: FAssetRegistry took 0.0046 seconds to start up
[2020.01.07-19.20.47:857][  0]LogInit: Selected Device Profile: [Windows]
[2020.01.07-19.20.48:168][  0]LogMeshReduction: Using QuadricMeshReduction for automatic static mesh reduction
[2020.01.07-19.20.48:169][  0]LogMeshReduction: Using SimplygonMeshReduction for automatic skeletal mesh reduction
[2020.01.07-19.20.48:169][  0]LogMeshReduction: Using ProxyLODMeshReduction for automatic mesh merging
[2020.01.07-19.20.48:169][  0]LogMeshReduction: No distributed automatic mesh merging module available
[2020.01.07-19.20.48:169][  0]LogMeshMerging: No distributed automatic mesh merging module available
[2020.01.07-19.20.48:192][  0]LogNetVersion: TPPlatformer 1.0.0, NetCL: 8386587, EngineNetVer: 11, GameNetVer: 0 (Checksum: 494036879)
[2020.01.07-19.20.49:248][  0]LogPackageLocalizationCache: Processed 12 localized package path(s) for 1 prioritized culture(s) in 0.076625 seconds
[2020.01.07-19.20.49:259][  0]LogUObjectArray: 43444 objects as part of root set at end of initial load.
[2020.01.07-19.20.49:259][  0]LogUObjectAllocator: 7548648 out of 0 bytes used by permanent object pool.
[2020.01.07-19.20.49:259][  0]LogUObjectArray: CloseDisregardForGC: 0/0 objects in disregard for GC pool
[2020.01.07-19.20.51:284][  0]LogTcpMessaging: Initializing TcpMessaging bridge
[2020.01.07-19.20.51:290][  0]LogUdpMessaging: Initializing bridge on interface 0.0.0.0:0 to multicast group 230.0.0.1:6666.
[2020.01.07-19.20.51:422][  0]SourceControl: Source control is disabled
[2020.01.07-19.20.51:423][  0]SourceControl: Source control is disabled
[2020.01.07-19.20.51:426][  0]SourceControl: Source control is disabled
[2020.01.07-19.20.51:429][  0]SourceControl: Source control is disabled
[2020.01.07-19.20.51:651][  0]LogAndroidPermission: UAndroidPermissionCallbackProxy::GetInstance
[2020.01.07-19.20.52:289][  0]LogOcInput: OculusInput pre-init called
[2020.01.07-19.20.52:318][  0]LogWindows: Failed to load 'OVRPlugin.dll' (GetLastError=126)
[2020.01.07-19.20.52:318][  0]LogWindows: File 'OVRPlugin.dll' does not exist
[2020.01.07-19.20.52:546][  0]LogEngine: Initializing Engine...
[2020.01.07-19.20.52:550][  0]LogHMD: Failed to initialize OpenVR with code 110
[2020.01.07-19.20.52:553][  0]LogStats: UGameplayTagsManager::InitializeManager -  0.000 s
[2020.01.07-19.20.53:198][  0]LogInit: Initializing FReadOnlyCVARCache
[2020.01.07-19.20.53:238][  0]LogAIModule: Creating AISystem for world Untitled
[2020.01.07-19.20.53:529][  0]LogInit: XAudio2 using 'Speakers/Headphones (Realtek(R) Audio)' : 2 channels at 48 kHz using 32 bits per sample (channel mask 0x3)
[2020.01.07-19.20.54:423][  0]LogInit: FAudioDevice initialized.
[2020.01.07-19.20.54:424][  0]LogNetVersion: Set ProjectVersion to 1.0.0.0. Version Checksum will be recalculated on next use.
[2020.01.07-19.20.54:518][  0]LogDerivedDataCache: Saved boot cache 0.10s 73MB C:/Users/Alex/AppData/Local/UnrealEngine/4.23/DerivedDataCache/Boot.ddc.
[2020.01.07-19.20.54:531][  0]LogInit: Texture streaming: Enabled
[2020.01.07-19.20.54:597][  0]LogEngineSessionManager: EngineSessionManager initialized
[2020.01.07-19.20.54:597][  0]LogEngineSessionManager: EngineSessionManager sent abnormal shutdown report. Type=Crashed, SessionId={BA0C98D3-47D2-4187-50B5-18B8C004F919}
[2020.01.07-19.20.54:597][  0]LogEditorSessionSummary: Verbose: Initializing EditorSessionSummaryWriter for editor session tracking
[2020.01.07-19.20.54:607][  0]LogEditorSessionSummary: EditorSessionSummaryWriter initialized
[2020.01.07-19.20.54:716][  0]LogInit: Transaction tracking system initialized
[2020.01.07-19.20.54:812][  0]BlueprintLog: New page: Editor Load
[2020.01.07-19.20.55:099][  0]LocalizationService: Localization service is disabled
[2020.01.07-19.20.55:944][  0]LogFileCache: Scanning file cache for directory 'C:/Users/Alex/Desktop/Unreal/TPPlatformer/Content/' took 0.01s
[2020.01.07-19.20.55:944][  0]LogCook: Display: Max memory allowance for cook 16384mb min free memory 0mb
[2020.01.07-19.20.55:944][  0]LogCook: Display: Mobile HDR setting 1
[2020.01.07-19.20.56:511][  0]SourceControl: Source control is disabled
[2020.01.07-19.20.56:511][  0]Cmd: MAP LOAD FILE="../../../../../../Users/Alex/Desktop/Unreal/TPPlatformer/Content/ThirdPersonBP/Maps/ThirdPersonExampleMap.umap" TEMPLATE=0 SHOWPROGRESS=1 FEATURELEVEL=3
[2020.01.07-19.20.56:512][  0]LightingResults: New page: Lighting Build
[2020.01.07-19.20.56:520][  0]LogWorld: UWorld::CleanupWorld for Untitled, bSessionEnded=true, bCleanupResources=true
[2020.01.07-19.20.56:520][  0]MapCheck: New page: Map Check
[2020.01.07-19.20.56:521][  0]LightingResults: New page: Lighting Build
[2020.01.07-19.20.56:601][  0]LogUObjectHash: Compacting FUObjectHashTables data took   3.85ms
[2020.01.07-19.20.57:489][  0]LogAIModule: Creating AISystem for world ThirdPersonExampleMap
[2020.01.07-19.20.57:537][  0]LogEditorServer: Finished looking for orphan Actors (0.000 secs)
[2020.01.07-19.20.57:649][  0]LogUObjectHash: Compacting FUObjectHashTables data took   4.68ms
[2020.01.07-19.20.57:649][  0]Cmd: MAP CHECKDEP NOCLEARLOG
[2020.01.07-19.20.57:650][  0]MapCheck: Map check complete: 0 Error(s), 0 Warning(s), took 0.415ms to complete.
[2020.01.07-19.20.57:650][  0]LogFileHelpers: Loading map 'ThirdPersonExampleMap' took 1.139
[2020.01.07-19.20.57:851][  0]LogSlate: Updating window title bar state: overlay mode, drag disabled, window buttons hidden, title bar hidden
[2020.01.07-19.20.57:871][  0]LogSlate: Updating window title bar state: overlay mode, drag disabled, window buttons hidden, title bar hidden
[2020.01.07-19.20.57:890][  0]LogSlate: Updating window title bar state: overlay mode, drag disabled, window buttons hidden, title bar hidden
[2020.01.07-19.20.57:912][  0]LogSlate: Updating window title bar state: overlay mode, drag disabled, window buttons hidden, title bar hidden
[2020.01.07-19.20.57:940][  0]LogCollectionManager: Loaded 0 collections in 0.008460 seconds
[2020.01.07-19.20.57:962][  0]LogFileCache: Scanning file cache for directory 'C:/Users/Alex/Desktop/Unreal/TPPlatformer/Saved/Collections/' took 0.00s
[2020.01.07-19.20.57:963][  0]LogFileCache: Scanning file cache for directory 'C:/Users/Alex/Desktop/Unreal/TPPlatformer/Content/Developers/Alex/Collections/' took 0.00s
[2020.01.07-19.20.57:963][  0]LogFileCache: Scanning file cache for directory 'C:/Users/Alex/Desktop/Unreal/TPPlatformer/Content/Collections/' took 0.00s
[2020.01.07-19.20.57:963][  0]LogCollectionManager: Rebuilt the GUID cache for 0 collections in 0.000004 seconds
[2020.01.07-19.20.57:989][  0]LogContentBrowser: Native class hierarchy populated in 0.0263 seconds. Added 2863 classes and 680 folders.
[2020.01.07-19.20.58:012][  0]LogContentBrowser: Native class hierarchy updated for 'WidgetCarousel' in 0.0007 seconds. Added 0 classes and 0 folders.
[2020.01.07-19.20.58:151][  0]LogContentBrowser: Native class hierarchy updated for 'AddContentDialog' in 0.0005 seconds. Added 0 classes and 0 folders.
[2020.01.07-19.20.58:167][  0]LogContentBrowser: Native class hierarchy updated for 'SceneOutliner' in 0.0007 seconds. Added 1 classes and 2 folders.
[2020.01.07-19.20.58:286][  0]LogSlate: Took 0.000392 seconds to synchronously load lazily loaded font '../../../Engine/Content/Slate/Fonts/Roboto-Regular.ttf' (155K)
[2020.01.07-19.20.58:294][  0]LogSlate: Took 0.000531 seconds to synchronously load lazily loaded font '../../../Engine/Content/Slate/Fonts/Roboto-Bold.ttf' (160K)
[2020.01.07-19.20.58:312][  0]LogSlate: Took 0.000458 seconds to synchronously load lazily loaded font '../../../Engine/Content/Editor/Slate/Fonts/FontAwesome.ttf' (139K)
[2020.01.07-19.20.58:510][  0]LogRenderer: Reallocating scene render targets to support 832x460 Format 10 NumSamples 1 (Frame:1).
[2020.01.07-19.20.58:870][  0]LogContentBrowser: Native class hierarchy updated for 'HierarchicalLODOutliner' in 0.0007 seconds. Added 0 classes and 0 folders.
[2020.01.07-19.20.58:870][  0]LogLoad: (Engine Initialization) Total time: 20.36 seconds
[2020.01.07-19.20.58:870][  0]LogLoad: (Engine Initialization) Total Blueprint compile time: 0.00 seconds
[2020.01.07-19.20.58:950][  0]LogContentStreaming: Texture pool size now 1000 MB
[2020.01.07-19.20.58:982][  0]LogSlate: Took 0.000404 seconds to synchronously load lazily loaded font '../../../Engine/Content/Slate/Fonts/Roboto-Light.ttf' (167K)
[2020.01.07-19.20.59:273][  2]LogAssetRegistry: Asset discovery search completed in 11.8759 seconds
[2020.01.07-19.20.59:285][  2]LogCollectionManager: Rebuilt the object cache for 0 collections in 0.000025 seconds (found 0 objects)
[2020.01.07-19.20.59:285][  2]LogCollectionManager: Fixed up redirectors for 0 collections in 0.000195 seconds (updated 0 objects)
[2020.01.07-19.21.21:337][635]LogSlate: FSceneViewport::OnFocusLost() reason 0
[2020.01.07-19.21.26:200][765]LogSlate: Took 0.000277 seconds to synchronously load lazily loaded font '../../../Engine/Content/Slate/Fonts/Roboto-Light.ttf' (167K)
[2020.01.07-19.21.26:207][765]LogSlate: FSceneViewport::OnFocusLost() reason 5
[2020.01.07-19.21.26:313][765]LogUObjectHash: Compacting FUObjectHashTables data took   1.44ms
[2020.01.07-19.21.26:602][765]LogSavePackage: Moving '../../../../../../Users/Alex/Desktop/Unreal/TPPlatformer/Saved/ThirdPersonExampleMapE49E11AF481D7DD5858F6F8B9D7E03C6.tmp' to '../../../../../../Users/Alex/Desktop/Unreal/TPPlatformer/Content/ThirdPersonBP/Maps/ThirdPersonExampleMap.umap'
[2020.01.07-19.21.26:994][765]LogSavePackage: Moving '../../../../../../Users/Alex/Desktop/Unreal/TPPlatformer/Saved/ThirdPersonExampleMap_BuiltDataFA3753DC40932045F0AA51927C81BCBD.tmp' to '../../../../../../Users/Alex/Desktop/Unreal/TPPlatformer/Content/ThirdPersonBP/Maps/ThirdPersonExampleMap_BuiltData.uasset'
[2020.01.07-19.21.42:221][217]LogSlate: FSceneViewport::OnFocusLost() reason 0
[2020.01.07-19.21.58:913][712]LogEditorSessionSummary: EditorSessionSummary sent report. Type=Shutdown, SessionId={0303CCB6-477E-B04C-3F6B-C38395C7DE78}
[2020.01.07-19.23.58:958][246]LogEditorSessionSummary: EditorSessionSummary sent report. Type=Crashed, SessionId={70E3657C-4B3D-E1B3-D9D8-A4A4A0814B6E}
[2020.01.07-19.25.59:002][830]LogEditorSessionSummary: EditorSessionSummary sent report. Type=Crashed, SessionId={9FF62E3E-4868-4CDB-8C2F-CABDF3FF2FF1}
[2020.01.07-19.27.03:678][566]LogSlate: FSceneViewport::OnFocusLost() reason 5
[2020.01.07-19.27.03:849][566]LogUObjectHash: Compacting FUObjectHashTables data took   6.33ms
[2020.01.07-19.27.04:065][566]LogSavePackage: Moving '../../../../../../Users/Alex/Desktop/Unreal/TPPlatformer/Saved/ThirdPersonExampleMapABECEF2F4AF8BC92448FD0AD95CAE61F.tmp' to '../../../../../../Users/Alex/Desktop/Unreal/TPPlatformer/Content/ThirdPersonBP/Maps/ThirdPersonExampleMap.umap'
[2020.01.07-19.27.04:329][566]LogSavePackage: Moving '../../../../../../Users/Alex/Desktop/Unreal/TPPlatformer/Saved/ThirdPersonExampleMap_BuiltData35A6E4D44BE7C43303F9539915D49358.tmp' to '../../../../../../Users/Alex/Desktop/Unreal/TPPlatformer/Content/ThirdPersonBP/Maps/ThirdPersonExampleMap_BuiltData.uasset'
[2020.01.07-19.30.59:088][607]LogEditorSessionSummary: EditorSessionSummary sent report. Type=Crashed, SessionId={BA0C98D3-47D2-4187-50B5-18B8C004F919}
[2020.01.07-19.45.19:999][430]LogSlate: FSceneViewport::OnFocusLost() reason 0
[2020.01.07-19.45.20:848][449]LogRenderer: Reallocating scene render targets to support 832x476 Format 10 NumSamples 1 (Frame:43157).
[2020.01.07-19.45.20:941][450]LogRenderer: Reallocating scene render targets to support 832x488 Format 10 NumSamples 1 (Frame:43159).
[2020.01.07-19.45.21:027][451]LogRenderer: Reallocating scene render targets to support 832x516 Format 10 NumSamples 1 (Frame:43161).
[2020.01.07-19.45.21:107][452]LogRenderer: Reallocating scene render targets to support 832x528 Format 10 NumSamples 1 (Frame:43163).
[2020.01.07-19.45.21:172][453]LogRenderer: Reallocating scene render targets to support 832x532 Format 10 NumSamples 1 (Frame:43165).
[2020.01.07-19.45.21:247][454]LogRenderer: Reallocating scene render targets to support 832x536 Format 10 NumSamples 1 (Frame:43167).
[2020.01.07-19.45.30:858][748]LogSlate: FSceneViewport::OnFocusLost() reason 0
[2020.01.07-19.45.44:637][ 18]LogEditorViewport: Clicking on Actor (LMB): StaticMeshActor (LeftArm_StaticMesh)
[2020.01.07-19.45.45:643][ 48]LogEditorViewport: Clicking on Actor (LMB): StaticMeshActor (Ramp_StaticMesh)
[2020.01.07-19.45.48:141][123]LogEditorViewport: Clicking on Actor (LMB): StaticMeshActor (Bump_StaticMesh)
[2020.01.07-19.45.49:006][149]LogEditorViewport: Clicking on Actor (LMB): StaticMeshActor (RightArm_StaticMesh)
[2020.01.07-19.45.50:380][190]LogEditorViewport: Clicking on Actor (LMB): StaticMeshActor (Linear_Stair_StaticMesh)
[2020.01.07-20.00.47:989][140]LogEditorViewport: Clicking on Actor (LMB): StaticMeshActor (Wall7)
[2020.01.07-20.00.54:635][340]Cmd: DELETE
[2020.01.07-20.00.54:635][340]Cmd: ACTOR DELETE
[2020.01.07-20.00.54:646][340]LogEditorActor: Deleted Actor: StaticMeshActor
[2020.01.07-20.00.54:647][340]LogEditorActor: Deleted Actor: StaticMeshActor
[2020.01.07-20.00.54:648][340]LogEditorActor: Deleted Actor: StaticMeshActor
[2020.01.07-20.00.54:649][340]LogEditorActor: Deleted Actor: StaticMeshActor
[2020.01.07-20.00.54:764][340]LogUObjectHash: Compacting FUObjectHashTables data took   6.65ms
[2020.01.07-20.00.54:764][340]LogEditorActor: Deleted 4 Actors (0.126 secs)
[2020.01.07-20.01.03:962][618]LogSlate: FSceneViewport::OnFocusLost() reason 5
[2020.01.07-20.01.04:069][618]LogUObjectHash: Compacting FUObjectHashTables data took   1.93ms
[2020.01.07-20.01.04:312][618]LogSavePackage: Moving '../../../../../../Users/Alex/Desktop/Unreal/TPPlatformer/Saved/ThirdPersonExampleMapAEBAD4FB4836B970B5FE0883BF4C2332.tmp' to '../../../../../../Users/Alex/Desktop/Unreal/TPPlatformer/Content/ThirdPersonBP/Maps/ThirdPersonExampleMap.umap'
[2020.01.07-20.01.04:565][618]LogSavePackage: Moving '../../../../../../Users/Alex/Desktop/Unreal/TPPlatformer/Saved/ThirdPersonExampleMap_BuiltData9AD1DE084C7E9405B32E5F8BE1EEBB7B.tmp' to '../../../../../../Users/Alex/Desktop/Unreal/TPPlatformer/Content/ThirdPersonBP/Maps/ThirdPersonExampleMap_BuiltData.uasset'
[2020.01.07-20.01.12:831][853]LogD3D11RHI: Timed out while waiting for GPU to catch up. (0.5 s) (ErrorCode 00000001)
[2020.01.07-20.01.17:832][854]LogD3D11RHI: GetQueryData is taking a very long time (5.0 s)
[2020.01.07-20.01.22:833][854]LogD3D11RHI: GetQueryData is taking a very long time (10.0 s)
[2020.01.07-20.01.27:833][854]LogD3D11RHI: GetQueryData is taking a very long time (15.0 s)
[2020.01.07-20.01.32:833][854]LogD3D11RHI: GetQueryData is taking a very long time (20.0 s)
[2020.01.07-20.01.37:833][854]LogD3D11RHI: GetQueryData is taking a very long time (25.0 s)
[2020.01.07-20.01.42:833][854]LogD3D11RHI: GetQueryData is taking a very long time (30.0 s)
[2020.01.07-20.01.42:833][854]LogD3D11RHI: Timed out while waiting for GPU to catch up. (30.0 s) (ErrorCode 00000001)
[2020.01.07-20.01.42:833][854]LogWindows: Windows GetLastError: The operation completed successfully. (0)
[2020.01.07-20.01.46:682][854]LogOutputDevice: Warning: 

Script Stack (0 frames):

[2020.01.07-20.01.46:682][854]LogWindows: Windows GetLastError: The operation completed successfully. (0)
[2020.01.07-20.01.46:682][854]LogWindows: Error: === Critical error: ===
[2020.01.07-20.01.46:682][854]LogWindows: Error: 
[2020.01.07-20.01.46:682][854]LogWindows: Error: Fatal error: [File:D:/Build/++UE4/Sync/Engine/Source/Runtime/RenderCore/Private/RenderingThread.cpp] [Line: 836] 
[2020.01.07-20.01.46:682][854]LogWindows: Error: Rendering thread exception:
[2020.01.07-20.01.46:682][854]LogWindows: Error: Assertion failed: GD3D11RHI->GetQueryData(Query->Resource, &Query->Result, sizeof(Query->Result), Query->QueryType, true, false) [File:D:/Build/++UE4/Sync/Engine/Source/Runtime/Windows/D3D11RHI/Private/D3D11Query.cpp] [Line: 45] 
[2020.01.07-20.01.46:682][854]LogWindows: Error: 
[2020.01.07-20.01.46:682][854]LogWindows: Error: 
[2020.01.07-20.01.46:682][854]LogWindows: Error: 
[2020.01.07-20.01.46:682][854]LogWindows: Error: [Callstack] 0x00007ffa4224a839 KERNELBASE.dll!UnknownFunction []
[2020.01.07-20.01.46:683][854]LogWindows: Error: [Callstack] 0x00007ff9e72da367 UE4Editor-Core.dll!UnknownFunction []
[2020.01.07-20.01.46:683][854]LogWindows: Error: [Callstack] 0x00007ff9e72dcbc4 UE4Editor-Core.dll!UnknownFunction []
[2020.01.07-20.01.46:683][854]LogWindows: Error: [Callstack] 0x00007ff9e70d1ada UE4Editor-Core.dll!UnknownFunction []
[2020.01.07-20.01.46:683][854]LogWindows: Error: [Callstack] 0x00007ff9e70267a3 UE4Editor-Core.dll!UnknownFunction []
[2020.01.07-20.01.46:683][854]LogWindows: Error: [Callstack] 0x00007ff9e7026eb0 UE4Editor-Core.dll!UnknownFunction []
[2020.01.07-20.01.46:683][854]LogWindows: Error: [Callstack] 0x00007ff9b274fccd UE4Editor-D3D11RHI.dll!UnknownFunction []
[2020.01.07-20.01.46:683][854]LogWindows: Error: [Callstack] 0x00007ff9b275f6f9 UE4Editor-D3D11RHI.dll!UnknownFunction []
[2020.01.07-20.01.46:683][854]LogWindows: Error: [Callstack] 0x00007ff9f455caf7 UE4Editor-RHI.dll!UnknownFunction []
[2020.01.07-20.01.46:683][854]LogWindows: Error: [Callstack] 0x00007ff7641a86e2 UE4Editor.exe!UnknownFunction []
[2020.01.07-20.01.46:683][854]LogWindows: Error: [Callstack] 0x00007ff9e6ea4e4a UE4Editor-Core.dll!UnknownFunction []
[2020.01.07-20.01.46:683][854]LogWindows: Error: [Callstack] 0x00007ff9e6ea51f3 UE4Editor-Core.dll!UnknownFunction []
[2020.01.07-20.01.46:683][854]LogWindows: Error: [Callstack] 0x00007ff9f47d0021 UE4Editor-RenderCore.dll!UnknownFunction []
[2020.01.07-20.01.46:683][854]LogWindows: Error: [Callstack] 0x00007ff9f47d85b4 UE4Editor-RenderCore.dll!UnknownFunction []
[2020.01.07-20.01.46:683][854]LogWindows: Error: [Callstack] 0x00007ff9e72f9f5f UE4Editor-Core.dll!UnknownFunction []
[2020.01.07-20.01.46:683][854]LogWindows: Error: [Callstack] 0x00007ff9e72f04b1 UE4Editor-Core.dll!UnknownFunction []
[2020.01.07-20.01.46:683][854]LogWindows: Error: [Callstack] 0x00007ffa43177bd4 KERNEL32.DLL!UnknownFunction []
[2020.01.07-20.01.46:684][854]LogWindows: Error: [Callstack] 0x00007ffa445cced1 ntdll.dll!UnknownFunction []
[2020.01.07-20.01.46:684][854]LogWindows: Error: 
[2020.01.07-20.01.46:684][854]LogWindows: Error: 
[2020.01.07-20.01.46:684][854]LogWindows: Error: 
[2020.01.07-20.01.46:684][854]LogWindows: Error: 
[2020.01.07-20.01.46:711][854]LogExit: Executing StaticShutdownAfterError
[2020.01.07-20.01.46:717][854]LogWindows: FPlatformMisc::RequestExit(1)
[2020.01.07-20.01.46:727][854]Log file closed, 01/07/20 12:01:46
